Построение начато 19.10.2018 11:46:51.
     1>Проект "D:\My Programs\MemoryManager\MemoryManager.vcxproj" в узле 2 (целевые объекты build).
     1>InitializeBuildStatus:
         Создание "Debug\MemoryManager.unsuccessfulbuild", так как было задано "AlwaysCreate".
       ClCompile:
         c:\Program Files (x86)\Microsoft Visual Studio 10.0\VC\bin\CL.exe /c /Zi /nologo /W3 /WX- /Od /Oy- /D WIN32 /D _DEBUG /D _CONSOLE /Gm /EHsc /RTC1 /MDd /GS /fp:precise /Zc:wchar_t /Zc:forScope /Fo"Debug\\" /Fd"Debug\vc100.pdb" /Gd /TC /analyze- /errorReport:prompt MemoryManager.c
         MemoryManager.c
     1>MemoryManager.c(14): warning C4020: _init_virtual_address_space: слишком много фактических параметров
     1>MemoryManager.c(22): warning C4029: объявленный список формальных параметров отличается от объявления
     1>MemoryManager.c(81): warning C4020: _take_free_space: слишком много фактических параметров
     1>MemoryManager.c(83): warning C4020: _take_free_space: слишком много фактических параметров
     1>MemoryManager.c(93): warning C4029: объявленный список формальных параметров отличается от объявления
     1>d:\my programs\memorymanager\memorymanager.c(425): warning C4715: _write: значение возвращается не при всех путях выполнения
       ManifestResourceCompile:
         Для всех выходных данных обновления не требуется.
       Link:
         c:\Program Files (x86)\Microsoft Visual Studio 10.0\VC\bin\link.exe /ERRORREPORT:PROMPT /OUT:"D:\My Programs\MemoryManager\Debug\MemoryManager.exe" /INCREMENTAL /NOLOGO kernel32.lib user32.lib gdi32.lib winspool.lib comdlg32.lib advapi32.lib shell32.lib ole32.lib oleaut32.lib uuid.lib odbc32.lib odbccp32.lib /MANIFEST /ManifestFile:"Debug\MemoryManager.exe.intermediate.manifest" /MANIFESTUAC:"level='asInvoker' uiAccess='false'" /DEBUG /PDB:"D:\My Programs\MemoryManager\Debug\MemoryManager.pdb" /SUBSYSTEM:CONSOLE /TLBID:1 /DYNAMICBASE /NXCOMPAT /IMPLIB:"D:\My Programs\MemoryManager\Debug\MemoryManager.lib" /MACHINE:X86 Debug\MemoryManager.exe.embed.manifest.res
         Debug\MemoryManager.obj
         Debug\Test.obj
       Manifest:
         C:\Program Files (x86)\Microsoft SDKs\Windows\v7.0A\bin\mt.exe /nologo /verbose /out:"Debug\MemoryManager.exe.embed.manifest" /manifest Debug\MemoryManager.exe.intermediate.manifest
         Для всех выходных данных обновления не требуется.
       LinkEmbedManifest:
         Для всех выходных данных обновления не требуется.
         MemoryManager.vcxproj -> D:\My Programs\MemoryManager\Debug\MemoryManager.exe
       FinalizeBuildStatus:
         Файл "Debug\MemoryManager.unsuccessfulbuild" удаляется.
         Обращение к "Debug\MemoryManager.lastbuildstate".
     1>Построение проекта "D:\My Programs\MemoryManager\MemoryManager.vcxproj" завершено (целевые объекты build).

Построение успешно завершено.

Затраченное время: 00:00:00.59
